2026-01-16 12:28:02,598 - DEBUG - load_anc_config - Loading config from /Users/alejandrogonzalez/Desktop/ANC Project/anc_config.yaml
2026-01-16 12:28:02,612 - INFO - load_anc_config - Configuration loaded successfully
2026-01-16 12:28:02,613 - INFO - generate_anc_for_date - Starting ANC generation for 2026-01-16
2026-01-16 12:28:02,613 - INFO - validate_config - Config validation passed
2026-01-16 12:28:02,613 - INFO - generate_anc_sheet - Generating ANC sheet for Friday, January 16, 2026
2026-01-16 12:28:02,613 - INFO - generate_anc_sheet - Fetching Amion data...
2026-01-16 12:28:02,613 - DEBUG - fetch_amion_data - Fetching attending schedule from Amion (Report 625tabs) for 2026-01-16
2026-01-16 12:28:03,079 - DEBUG - fetch_amion_data - Fetching resident schedule from Amion (Report 625tabs) for 2026-01-16
2026-01-16 12:28:03,753 - DEBUG - fetch_contact_info - Fetching contact info from Amion (Report 705) for 2026-01-16
2026-01-16 12:28:04,116 - DEBUG - fetch_contact_info - Retrieved 29 contacts from Amion
2026-01-16 12:28:04,126 - INFO - generate_anc_sheet - Retrieved 80 attending assignments, 86 resident assignments
2026-01-16 12:28:04,131 - DEBUG - generate_anc_sheet - Data parsing complete
2026-01-16 12:28:04,289 - INFO - generate_anc_for_date - Generated DOCX: /Users/alejandrogonzalez/Desktop/ANC Project/AUTO_01 16 26 Friday January 2026 ANC Sheets.docx
2026-01-16 13:42:48,835 - DEBUG - load_anc_config - Loading config from /Users/alejandrogonzalez/Desktop/ANC Project/anc_config.yaml
2026-01-16 13:42:48,850 - INFO - load_anc_config - Configuration loaded successfully
2026-01-16 13:42:48,875 - INFO - generate_anc_for_date - Starting ANC generation for 2026-01-16
2026-01-16 13:42:48,875 - INFO - validate_config - Config validation passed
2026-01-16 13:42:48,875 - INFO - generate_anc_sheet - Generating ANC sheet for Friday, January 16, 2026
2026-01-16 13:42:48,875 - INFO - generate_anc_sheet - Fetching Amion data...
2026-01-16 13:42:48,875 - DEBUG - fetch_amion_data - Fetching attending schedule from Amion (Report 625tabs) for 2026-01-16
2026-01-16 13:42:49,268 - DEBUG - fetch_amion_data - Fetching resident schedule from Amion (Report 625tabs) for 2026-01-16
2026-01-16 13:42:49,896 - DEBUG - fetch_contact_info - Fetching contact info from Amion (Report 705) for 2026-01-16
2026-01-16 13:42:50,778 - DEBUG - fetch_contact_info - Retrieved 29 contacts from Amion
2026-01-16 13:42:50,778 - INFO - generate_anc_sheet - Retrieved 80 attending assignments, 86 resident assignments
2026-01-16 13:42:50,779 - DEBUG - generate_anc_sheet - Data parsing complete
2026-01-16 13:42:50,923 - INFO - generate_anc_for_date - Generated DOCX: /Users/alejandrogonzalez/Desktop/ANC Project/AUTO_01 16 26 Friday January 2026 ANC Sheets.docx
2026-01-16 23:19:20,054 - DEBUG - load_anc_config - Loading config from /Users/alejandrogonzalez/Desktop/ANC Project/anc_config.yaml
2026-01-16 23:19:20,069 - INFO - load_anc_config - Configuration loaded successfully
2026-01-16 23:19:20,070 - DEBUG - fetch_amion_data - Fetching attending schedule from Amion (Report 625tabs) for 2026-01-16
2026-01-16 23:19:20,406 - WARNING - wrapper - fetch_contact_info failed (attempt 1/4): fetch_contact_info() missing 1 required positional argument: 'date'. Retrying in 2.0s...
2026-01-16 23:19:22,411 - WARNING - wrapper - fetch_contact_info failed (attempt 2/4): fetch_contact_info() missing 1 required positional argument: 'date'. Retrying in 4.0s...
2026-01-16 23:19:26,417 - WARNING - wrapper - fetch_contact_info failed (attempt 3/4): fetch_contact_info() missing 1 required positional argument: 'date'. Retrying in 8.0s...
2026-01-16 23:19:34,422 - ERROR - wrapper - fetch_contact_info failed after 4 attempts: fetch_contact_info() missing 1 required positional argument: 'date'
2026-01-16 23:19:40,799 - DEBUG - load_anc_config - Loading config from /Users/alejandrogonzalez/Desktop/ANC Project/anc_config.yaml
2026-01-16 23:19:40,813 - INFO - load_anc_config - Configuration loaded successfully
2026-01-16 23:19:40,814 - DEBUG - fetch_amion_data - Fetching attending schedule from Amion (Report 625tabs) for 2026-01-16
2026-01-16 23:19:41,289 - DEBUG - fetch_contact_info - Fetching contact info from Amion (Report 705) for 2026-01-16
2026-01-16 23:19:41,696 - DEBUG - fetch_contact_info - Retrieved 28 contacts from Amion
2026-01-16 23:19:48,074 - DEBUG - load_anc_config - Loading config from /Users/alejandrogonzalez/Desktop/ANC Project/anc_config.yaml
2026-01-16 23:19:48,088 - INFO - load_anc_config - Configuration loaded successfully
2026-01-16 23:19:48,089 - DEBUG - fetch_amion_data - Fetching attending schedule from Amion (Report 625tabs) for 2026-01-16
2026-01-16 23:19:53,630 - DEBUG - load_anc_config - Loading config from /Users/alejandrogonzalez/Desktop/ANC Project/anc_config.yaml
2026-01-16 23:19:53,644 - INFO - load_anc_config - Configuration loaded successfully
2026-01-16 23:19:53,645 - DEBUG - fetch_amion_data - Fetching attending schedule from Amion (Report 625tabs) for 2026-01-16
2026-01-16 23:19:58,955 - DEBUG - load_anc_config - Loading config from /Users/alejandrogonzalez/Desktop/ANC Project/anc_config.yaml
2026-01-16 23:19:58,969 - INFO - load_anc_config - Configuration loaded successfully
2026-01-16 23:19:58,969 - DEBUG - fetch_amion_data - Fetching resident schedule from Amion (Report 625tabs) for 2026-01-16
2026-01-16 23:20:06,987 - DEBUG - load_anc_config - Loading config from /Users/alejandrogonzalez/Desktop/ANC Project/anc_config.yaml
2026-01-16 23:20:07,001 - INFO - load_anc_config - Configuration loaded successfully
2026-01-16 23:20:07,002 - DEBUG - fetch_amion_data - Fetching attending schedule from Amion (Report 625tabs) for 2026-01-16
2026-01-16 23:20:07,481 - DEBUG - fetch_amion_data - Fetching resident schedule from Amion (Report 625tabs) for 2026-01-16
2026-01-16 23:21:29,951 - DEBUG - load_anc_config - Loading config from /Users/alejandrogonzalez/Desktop/ANC Project/anc_config.yaml
2026-01-16 23:21:29,975 - INFO - load_anc_config - Configuration loaded successfully
2026-01-16 23:21:29,976 - DEBUG - fetch_amion_data - Fetching attending schedule from Amion (Report 625tabs) for 2026-01-16
2026-01-16 23:21:30,319 - DEBUG - fetch_amion_data - Fetching resident schedule from Amion (Report 625tabs) for 2026-01-16
2026-01-16 23:21:30,832 - DEBUG - fetch_contact_info - Fetching contact info from Amion (Report 705) for 2026-01-16
2026-01-16 23:21:31,207 - DEBUG - fetch_contact_info - Retrieved 28 contacts from Amion
2026-01-16 23:21:37,346 - DEBUG - load_anc_config - Loading config from /Users/alejandrogonzalez/Desktop/ANC Project/anc_config.yaml
2026-01-16 23:21:37,360 - INFO - load_anc_config - Configuration loaded successfully
2026-01-16 23:21:37,361 - DEBUG - fetch_amion_data - Fetching attending schedule from Amion (Report 625tabs) for 2026-01-16
2026-01-16 23:21:37,640 - DEBUG - fetch_amion_data - Fetching resident schedule from Amion (Report 625tabs) for 2026-01-16
2026-01-16 23:22:03,646 - DEBUG - load_anc_config - Loading config from /Users/alejandrogonzalez/Desktop/ANC Project/anc_config.yaml
2026-01-16 23:22:03,661 - INFO - load_anc_config - Configuration loaded successfully
2026-01-16 23:22:03,662 - DEBUG - fetch_amion_data - Fetching attending schedule from Amion (Report 625tabs) for 2026-01-17
2026-01-16 23:22:03,971 - DEBUG - fetch_amion_data - Fetching resident schedule from Amion (Report 625tabs) for 2026-01-17
2026-01-16 23:22:04,631 - DEBUG - fetch_contact_info - Fetching contact info from Amion (Report 705) for 2026-01-17
2026-01-16 23:22:04,877 - DEBUG - fetch_contact_info - Retrieved 27 contacts from Amion
2026-01-16 23:22:47,994 - DEBUG - load_anc_config - Loading config from /Users/alejandrogonzalez/Desktop/ANC Project/anc_config.yaml
2026-01-16 23:22:48,008 - INFO - load_anc_config - Configuration loaded successfully
2026-01-16 23:22:48,009 - DEBUG - fetch_contact_info - Fetching contact info from Amion (Report 705) for 2026-01-17
2026-01-16 23:22:48,315 - DEBUG - fetch_contact_info - Retrieved 27 contacts from Amion
2026-01-16 23:22:48,315 - DEBUG - fetch_contact_info - Fetching contact info from Amion (Report 705) for 2026-01-17
2026-01-16 23:22:48,828 - DEBUG - fetch_contact_info - Retrieved 0 contacts from Amion
2026-01-16 23:25:51,478 - DEBUG - load_anc_config - Loading config from /Users/alejandrogonzalez/Desktop/ANC Project/anc_config.yaml
2026-01-16 23:25:51,493 - INFO - load_anc_config - Configuration loaded successfully
2026-01-16 23:25:57,695 - DEBUG - load_anc_config - Loading config from /Users/alejandrogonzalez/Desktop/ANC Project/anc_config.yaml
2026-01-16 23:25:57,709 - INFO - load_anc_config - Configuration loaded successfully
2026-01-16 23:25:57,711 - DEBUG - fetch_amion_data - Fetching attending schedule from Amion (Report 625tabs) for 2026-01-17
