2026-01-15 15:19:51,116 - DEBUG - load_anc_config - Loading config from /Users/alejandrogonzalez/Desktop/ANC Project/anc_config.yaml
2026-01-15 15:19:51,130 - INFO - load_anc_config - Configuration loaded successfully
2026-01-15 15:19:51,131 - INFO - generate_anc_for_date - Starting ANC generation for 2026-01-15
2026-01-15 15:19:51,131 - INFO - validate_config - Config validation passed
2026-01-15 15:19:51,131 - INFO - generate_anc_sheet - Generating ANC sheet for Thursday, January 15, 2026
2026-01-15 15:19:51,131 - INFO - generate_anc_sheet - Fetching Amion data...
2026-01-15 15:19:51,131 - DEBUG - fetch_amion_data - Fetching attending schedule from Amion (Report 625tabs) for 2026-01-15
2026-01-15 15:19:51,675 - DEBUG - fetch_amion_data - Fetching resident schedule from Amion (Report 625tabs) for 2026-01-15
2026-01-15 15:19:52,287 - DEBUG - fetch_contact_info - Fetching contact info from Amion (Report 705) for 2026-01-15
2026-01-15 15:19:52,595 - DEBUG - fetch_contact_info - Retrieved 29 contacts from Amion
2026-01-15 15:19:52,595 - INFO - generate_anc_sheet - Retrieved 80 attending assignments, 94 resident assignments
2026-01-15 15:19:52,597 - DEBUG - generate_anc_sheet - Data parsing complete
2026-01-15 15:19:52,764 - INFO - generate_anc_for_date - Generated DOCX: /Users/alejandrogonzalez/Desktop/ANC Project/AUTO_01 15 26 Thursday January 2026 ANC Sheets.docx
2026-01-15 15:20:21,226 - DEBUG - load_anc_config - Loading config from /Users/alejandrogonzalez/Desktop/ANC Project/anc_config.yaml
2026-01-15 15:20:21,241 - INFO - load_anc_config - Configuration loaded successfully
2026-01-15 15:20:21,266 - INFO - generate_anc_for_date - Starting ANC generation for 2026-01-16
2026-01-15 15:20:21,266 - INFO - validate_config - Config validation passed
2026-01-15 15:20:21,266 - INFO - generate_anc_sheet - Generating ANC sheet for Friday, January 16, 2026
2026-01-15 15:20:21,266 - INFO - generate_anc_sheet - Fetching Amion data...
2026-01-15 15:20:21,266 - DEBUG - fetch_amion_data - Fetching attending schedule from Amion (Report 625tabs) for 2026-01-16
2026-01-15 15:20:21,633 - DEBUG - fetch_amion_data - Fetching resident schedule from Amion (Report 625tabs) for 2026-01-16
2026-01-15 15:20:22,299 - DEBUG - fetch_contact_info - Fetching contact info from Amion (Report 705) for 2026-01-16
2026-01-15 15:20:22,596 - DEBUG - fetch_contact_info - Retrieved 29 contacts from Amion
2026-01-15 15:20:22,596 - INFO - generate_anc_sheet - Retrieved 80 attending assignments, 85 resident assignments
2026-01-15 15:20:22,597 - DEBUG - generate_anc_sheet - Data parsing complete
2026-01-15 15:20:22,759 - INFO - generate_anc_for_date - Generated DOCX: /Users/alejandrogonzalez/Desktop/ANC Project/AUTO_01 16 26 Friday January 2026 ANC Sheets.docx
